# JRE version: OpenJDK Runtime Environment (8.0_76-b03) (build 1.8.0_76-release-b03)
# Java VM: OpenJDK 64-Bit Server VM (25.76-b03 mixed mode windows-amd64 compressed oops)
Heap:
 PSYoungGen      total 185344K, used 181568K [0x0000000780380000, 0x000000078d900000, 0x00000007c0000000)
  eden space 158720K, 100% used [0x0000000780380000,0x0000000789e80000,0x0000000789e80000)
  from space 26624K, 85% used [0x000000078bb00000,0x000000078d150000,0x000000078d500000)
  to   space 29184K, 99% used [0x0000000789e80000,0x000000078bac0020,0x000000078bb00000)
 ParOldGen       total 1294336K, used 1237060K [0x0000000700a00000, 0x000000074fa00000, 0x0000000780380000)
  object space 1294336K, 95% used [0x0000000700a00000,0x000000074c211370,0x000000074fa00000)
 Metaspace       used 60865K, capacity 64004K, committed 64176K, reserved 1103872K
  class space    used 8141K, capacity 8804K, committed 8880K, reserved 1048576K
GC Heap History (10 events):
Event: 101.306 GC heap after
Heap after GC invocations=24 (full 3):
 PSYoungGen      total 136192K, used 9454K [0x0000000780380000, 0x000000078bb00000, 0x00000007c0000000)
  eden space 110080K, 0% used [0x0000000780380000,0x0000000780380000,0x0000000786f00000)
  from space 26112K, 36% used [0x0000000786f00000,0x000000078783bba0,0x0000000788880000)
  to   space 25088K, 0% used [0x000000078a280000,0x000000078a280000,0x000000078bb00000)
 ParOldGen       total 114688K, used 53883K [0x0000000700a00000, 0x0000000707a00000, 0x0000000780380000)
  object space 114688K, 46% used [0x0000000700a00000,0x0000000703e9ee78,0x0000000707a00000)
 Metaspace       used 58707K, capacity 61324K, committed 61616K, reserved 1101824K
  class space    used 7938K, capacity 8514K, committed 8624K, reserved 1048576K
}
Event: 101.306 GC heap before
{Heap before GC invocations=25 (full 4):
 PSYoungGen      total 136192K, used 9454K [0x0000000780380000, 0x000000078bb00000, 0x00000007c0000000)
  eden space 110080K, 0% used [0x0000000780380000,0x0000000780380000,0x0000000786f00000)
  from space 26112K, 36% used [0x0000000786f00000,0x000000078783bba0,0x0000000788880000)
  to   space 25088K, 0% used [0x000000078a280000,0x000000078a280000,0x000000078bb00000)
 ParOldGen       total 114688K, used 53883K [0x0000000700a00000, 0x0000000707a00000, 0x0000000780380000)
  object space 114688K, 46% used [0x0000000700a00000,0x0000000703e9ee78,0x0000000707a00000)
 Metaspace       used 58707K, capacity 61324K, committed 61616K, reserved 1101824K
  class space    used 7938K, capacity 8514K, committed 8624K, reserved 1048576K
Event: 101.568 GC heap after
Heap after GC invocations=25 (full 4):
 PSYoungGen      total 136192K, used 0K [0x0000000780380000, 0x000000078bb00000, 0x00000007c0000000)
  eden space 110080K, 0% used [0x0000000780380000,0x0000000780380000,0x0000000786f00000)
  from space 26112K, 0% used [0x0000000786f00000,0x0000000786f00000,0x0000000788880000)
  to   space 25088K, 0% used [0x000000078a280000,0x000000078a280000,0x000000078bb00000)
 ParOldGen       total 114688K, used 57388K [0x0000000700a00000, 0x0000000707a00000, 0x0000000780380000)
  object space 114688K, 50% used [0x0000000700a00000,0x000000070420b370,0x0000000707a00000)
 Metaspace       used 58707K, capacity 61324K, committed 61616K, reserved 1101824K
  class space    used 7938K, capacity 8514K, committed 8624K, reserved 1048576K
}
Event: 149.061 GC heap before
{Heap before GC invocations=26 (full 4):
 PSYoungGen      total 136192K, used 110080K [0x0000000780380000, 0x000000078bb00000, 0x00000007c0000000)
  eden space 110080K, 100% used [0x0000000780380000,0x0000000786f00000,0x0000000786f00000)
  from space 26112K, 0% used [0x0000000786f00000,0x0000000786f00000,0x0000000788880000)
  to   space 25088K, 0% used [0x000000078a280000,0x000000078a280000,0x000000078bb00000)
 ParOldGen       total 114688K, used 57388K [0x0000000700a00000, 0x0000000707a00000, 0x0000000780380000)
  object space 114688K, 50% used [0x0000000700a00000,0x000000070420b370,0x0000000707a00000)
 Metaspace       used 59276K, capacity 62070K, committed 62128K, reserved 1103872K
  class space    used 7986K, capacity 8605K, committed 8624K, reserved 1048576K
Event: 149.067 GC heap after
Heap after GC invocations=26 (full 4):
 PSYoungGen      total 155648K, used 4736K [0x0000000780380000, 0x000000078b700000, 0x00000007c0000000)
  eden space 134656K, 0% used [0x0000000780380000,0x0000000780380000,0x0000000788700000)
  from space 20992K, 22% used [0x000000078a280000,0x000000078a720000,0x000000078b700000)
  to   space 24576K, 0% used [0x0000000788700000,0x0000000788700000,0x0000000789f00000)
 ParOldGen       total 114688K, used 57396K [0x0000000700a00000, 0x0000000707a00000, 0x0000000780380000)
  object space 114688K, 50% used [0x0000000700a00000,0x000000070420d370,0x0000000707a00000)
 Metaspace       used 59276K, capacity 62070K, committed 62128K, reserved 1103872K
  class space    used 7986K, capacity 8605K, committed 8624K, reserved 1048576K
}
Event: 169.618 GC heap before
{Heap before GC invocations=27 (full 4):
 PSYoungGen      total 155648K, used 139392K [0x0000000780380000, 0x000000078b700000, 0x00000007c0000000)
  eden space 134656K, 100% used [0x0000000780380000,0x0000000788700000,0x0000000788700000)
  from space 20992K, 22% used [0x000000078a280000,0x000000078a720000,0x000000078b700000)
  to   space 24576K, 0% used [0x0000000788700000,0x0000000788700000,0x0000000789f00000)
 ParOldGen       total 114688K, used 57396K [0x0000000700a00000, 0x0000000707a00000, 0x0000000780380000)
  object space 114688K, 50% used [0x0000000700a00000,0x000000070420d370,0x0000000707a00000)
 Metaspace       used 60512K, capacity 63424K, committed 63536K, reserved 1103872K
  class space    used 8106K, capacity 8750K, committed 8752K, reserved 1048576K
Event: 169.630 GC heap after
Heap after GC invocations=27 (full 4):
 PSYoungGen      total 159232K, used 19495K [0x0000000780380000, 0x000000078d500000, 0x00000007c0000000)
  eden space 134656K, 0% used [0x0000000780380000,0x0000000780380000,0x0000000788700000)
  from space 24576K, 79% used [0x0000000788700000,0x0000000789a09ce0,0x0000000789f00000)
  to   space 26624K, 0% used [0x000000078bb00000,0x000000078bb00000,0x000000078d500000)
 ParOldGen       total 114688K, used 57404K [0x0000000700a00000, 0x0000000707a00000, 0x0000000780380000)
  object space 114688K, 50% used [0x0000000700a00000,0x000000070420f370,0x0000000707a00000)
 Metaspace       used 60512K, capacity 63424K, committed 63536K, reserved 1103872K
  class space    used 8106K, capacity 8750K, committed 8752K, reserved 1048576K
}
Event: 174.341 GC heap before
{Heap before GC invocations=28 (full 4):
 PSYoungGen      total 159232K, used 154151K [0x0000000780380000, 0x000000078d500000, 0x00000007c0000000)
  eden space 134656K, 100% used [0x0000000780380000,0x0000000788700000,0x0000000788700000)
  from space 24576K, 79% used [0x0000000788700000,0x0000000789a09ce0,0x0000000789f00000)
  to   space 26624K, 0% used [0x000000078bb00000,0x000000078bb00000,0x000000078d500000)
 ParOldGen       total 114688K, used 57404K [0x0000000700a00000, 0x0000000707a00000, 0x0000000780380000)
  object space 114688K, 50% used [0x0000000700a00000,0x000000070420f370,0x0000000707a00000)
 Metaspace       used 60709K, capacity 63742K, committed 63920K, reserved 1103872K
  class space    used 8123K, capacity 8771K, committed 8880K, reserved 1048576K
Event: 174.361 GC heap after
Heap after GC invocations=28 (full 4):
 PSYoungGen      total 185344K, used 22848K [0x0000000780380000, 0x000000078d900000, 0x00000007c0000000)
  eden space 158720K, 0% used [0x0000000780380000,0x0000000780380000,0x0000000789e80000)
  from space 26624K, 85% used [0x000000078bb00000,0x000000078d150000,0x000000078d500000)
  to   space 29184K, 0% used [0x0000000789e80000,0x0000000789e80000,0x000000078bb00000)
 ParOldGen       total 114688K, used 57404K [0x0000000700a00000, 0x0000000707a00000, 0x0000000780380000)
  object space 114688K, 50% used [0x0000000700a00000,0x000000070420f370,0x0000000707a00000)
 Metaspace       used 60709K, capacity 63742K, committed 63920K, reserved 1103872K
  class space    used 8123K, capacity 8771K, committed 8880K, reserved 1048576K
}
Event: 182.830 GC heap before
{Heap before GC invocations=29 (full 4):
 PSYoungGen      total 185344K, used 181568K [0x0000000780380000, 0x000000078d900000, 0x00000007c0000000)
  eden space 158720K, 100% used [0x0000000780380000,0x0000000789e80000,0x0000000789e80000)
  from space 26624K, 85% used [0x000000078bb00000,0x000000078d150000,0x000000078d500000)
  to   space 29184K, 0% used [0x0000000789e80000,0x0000000789e80000,0x000000078bb00000)
 ParOldGen       total 114688K, used 57404K [0x0000000700a00000, 0x0000000707a00000, 0x0000000780380000)
  object space 114688K, 50% used [0x0000000700a00000,0x000000070420f370,0x0000000707a00000)
 Metaspace       used 60865K, capacity 64004K, committed 64176K, reserved 1103872K
  class space    used 8141K, capacity 8804K, committed 8880K, reserved 1048576K

